[debug] [2025-07-06T12:44:51.378Z] ----------------------------------------------------------------------
[debug] [2025-07-06T12:44:51.382Z] Command:       C:\Program Files\nodejs\node.exe C:\Users\dell\AppData\Roaming\npm\node_modules\firebase-tools\lib\bin\firebase.js init
[debug] [2025-07-06T12:44:51.382Z] CLI Version:   14.9.0
[debug] [2025-07-06T12:44:51.382Z] Platform:      win32
[debug] [2025-07-06T12:44:51.382Z] Node Version:  v22.12.0
[debug] [2025-07-06T12:44:51.383Z] Time:          Sun Jul 06 2025 18:14:51 GMT+0530 (India Standard Time)
[debug] [2025-07-06T12:44:51.383Z] ----------------------------------------------------------------------
[debug] 
[debug] [2025-07-06T12:44:51.676Z] > command requires scopes: ["email","openid","https://www.googleapis.com/auth/cloudplatformprojects.readonly","https://www.googleapis.com/auth/firebase","https://www.googleapis.com/auth/cloud-platform"]
[debug] [2025-07-06T12:44:51.677Z] > authorizing via signed-in user (shardaone86@gmail.com)
[info] 
     ######## #### ########  ######## ########     ###     ######  ########
     ##        ##  ##     ## ##       ##     ##  ##   ##  ##       ##
     ######    ##  ########  ######   ########  #########  ######  ######
     ##        ##  ##    ##  ##       ##     ## ##     ##       ## ##
     ##       #### ##     ## ######## ########  ##     ##  ######  ########

You're about to initialize a Firebase project in this directory:

  C:\Users\dell

Before we get started, keep in mind:

  * You are initializing within an existing Firebase project directory

